<?xml version="1.0" encoding="UTF-8"?>
<testsuite name="com.ml.mutant.domain.ServiceStatsTest" tests="1" skipped="0" failures="0" errors="0" timestamp="2021-05-19T02:22:22" hostname="MARIAP-RINCON" time="0.019">
  <properties/>
  <testcase name="obtainStats()" classname="com.ml.mutant.domain.ServiceStatsTest" time="0.019"/>
  <system-out><![CDATA[]]></system-out>
  <system-err><![CDATA[]]></system-err>
</testsuite>
