<?xml version="1.0" encoding="UTF-8"?>
<testsuite name="com.ml.mutant.domain.ServiceMutantTest" tests="2" skipped="0" failures="0" errors="0" timestamp="2021-05-19T02:22:21" hostname="MARIAP-RINCON" time="0.801">
  <properties/>
  <testcase name="insertAndValidateHuman()" classname="com.ml.mutant.domain.ServiceMutantTest" time="0.795"/>
  <testcase name="insertAndValidateMutant()" classname="com.ml.mutant.domain.ServiceMutantTest" time="0.005"/>
  <system-out><![CDATA[]]></system-out>
  <system-err><![CDATA[]]></system-err>
</testsuite>
